This is pdfTeX, Version 3.141592653-2.6-1.40.25 (TeX Live 2023/Debian) (preloaded format=pdflatex 2026.3.6)  17 APR 2026 05:05
entering extended mode
 restricted \write18 enabled.
 %&-line parsing enabled.
**/tmp/report_syntax.tex
(/tmp/report_syntax.tex
LaTeX2e <2023-11-01> patch level 1
L3 programming layer <2024-01-22>
(/usr/share/texlive/texmf-dist/tex/latex/base/article.cls
Document Class: article 2023/05/17 v1.4n Standard LaTeX document class
(/usr/share/texlive/texmf-dist/tex/latex/base/size10.clo
File: size10.clo 2023/05/17 v1.4n Standard LaTeX file (size option)
)
\c@part=\count187
\c@section=\count188
\c@subsection=\count189
\c@subsubsection=\count190
\c@paragraph=\count191
\c@subparagraph=\count192
\c@figure=\count193
\c@table=\count194
\abovecaptionskip=\skip48
\belowcaptionskip=\skip49
\bibindent=\dimen140
)
(/usr/share/texlive/texmf-dist/tex/latex/base/fontenc.sty
Package: fontenc 2021/04/29 v2.0v Standard LaTeX package
)
(/usr/share/texlive/texmf-dist/tex/latex/cite/cite.sty
LaTeX Info: Redefining \cite on input line 302.
LaTeX Info: Redefining \nocite on input line 332.
Package: cite 2015/02/27  v 5.5
)
(/usr/share/texlive/texmf-dist/tex/latex/graphics/graphicx.sty
Package: graphicx 2021/09/16 v1.2d Enhanced LaTeX Graphics (DPC,SPQR)

(/usr/share/texlive/texmf-dist/tex/latex/graphics/keyval.sty
Package: keyval 2022/05/29 v1.15 key=value parser (DPC)
\KV@toks@=\toks17
)
(/usr/share/texlive/texmf-dist/tex/latex/graphics/graphics.sty
Package: graphics 2022/03/10 v1.4e Standard LaTeX Graphics (DPC,SPQR)

(/usr/share/texlive/texmf-dist/tex/latex/graphics/trig.sty
Package: trig 2021/08/11 v1.11 sin cos tan (DPC)
)
(/usr/share/texlive/texmf-dist/tex/latex/graphics-cfg/graphics.cfg
File: graphics.cfg 2016/06/04 v1.11 sample graphics configuration
)
Package graphics Info: Driver file: pdftex.def on input line 107.

(/usr/share/texlive/texmf-dist/tex/latex/graphics-def/pdftex.def
File: pdftex.def 2022/09/22 v1.2b Graphics/color driver for pdftex
))
\Gin@req@height=\dimen141
\Gin@req@width=\dimen142
)
(/usr/share/texlive/texmf-dist/tex/latex/tools/array.sty
Package: array 2023/10/16 v2.5g Tabular extension package (FMi)
\col@sep=\dimen143
\ar@mcellbox=\box51
\extrarowheight=\dimen144
\NC@list=\toks18
\extratabsurround=\skip50
\backup@length=\skip51
\ar@cellbox=\box52
)
(/usr/share/texlive/texmf-dist/tex/latex/amsmath/amsmath.sty
Package: amsmath 2023/05/13 v2.17o AMS math features
\@mathmargin=\skip52

For additional information on amsmath, use the `?' option.
(/usr/share/texlive/texmf-dist/tex/latex/amsmath/amstext.sty
Package: amstext 2021/08/26 v2.01 AMS text

(/usr/share/texlive/texmf-dist/tex/latex/amsmath/amsgen.sty
File: amsgen.sty 1999/11/30 v2.0 generic functions
\@emptytoks=\toks19
\ex@=\dimen145
))
(/usr/share/texlive/texmf-dist/tex/latex/amsmath/amsbsy.sty
Package: amsbsy 1999/11/29 v1.2d Bold Symbols
\pmbraise@=\dimen146
)
(/usr/share/texlive/texmf-dist/tex/latex/amsmath/amsopn.sty
Package: amsopn 2022/04/08 v2.04 operator names
)
\inf@bad=\count195
LaTeX Info: Redefining \frac on input line 234.
\uproot@=\count196
\leftroot@=\count197
LaTeX Info: Redefining \overline on input line 399.
LaTeX Info: Redefining \colon on input line 410.
\classnum@=\count198
\DOTSCASE@=\count199
LaTeX Info: Redefining \ldots on input line 496.
LaTeX Info: Redefining \dots on input line 499.
LaTeX Info: Redefining \cdots on input line 620.
\Mathstrutbox@=\box53
\strutbox@=\box54
LaTeX Info: Redefining \big on input line 722.
LaTeX Info: Redefining \Big on input line 723.
LaTeX Info: Redefining \bigg on input line 724.
LaTeX Info: Redefining \Bigg on input line 725.
\big@size=\dimen147
LaTeX Font Info:    Redeclaring font encoding OML on input line 743.
LaTeX Font Info:    Redeclaring font encoding OMS on input line 744.
\macc@depth=\count266
LaTeX Info: Redefining \bmod on input line 905.
LaTeX Info: Redefining \pmod on input line 910.
LaTeX Info: Redefining \smash on input line 940.
LaTeX Info: Redefining \relbar on input line 970.
LaTeX Info: Redefining \Relbar on input line 971.
\c@MaxMatrixCols=\count267
\dotsspace@=\muskip16
\c@parentequation=\count268
\dspbrk@lvl=\count269
\tag@help=\toks20
\row@=\count270
\column@=\count271
\maxfields@=\count272
\andhelp@=\toks21
\eqnshift@=\dimen148
\alignsep@=\dimen149
\tagshift@=\dimen150
\tagwidth@=\dimen151
\totwidth@=\dimen152
\lineht@=\dimen153
\@envbody=\toks22
\multlinegap=\skip53
\multlinetaggap=\skip54
\mathdisplay@stack=\toks23
LaTeX Info: Redefining \[ on input line 2953.
LaTeX Info: Redefining \] on input line 2954.
)
(/usr/share/texlive/texmf-dist/tex/latex/url/url.sty
\Urlmuskip=\muskip17
Package: url 2013/09/16  ver 3.4  Verb mode for urls, etc.
)
(/usr/share/texlive/texmf-dist/tex/latex/l3backend/l3backend-pdftex.def
File: l3backend-pdftex.def 2024-01-04 L3 backend support: PDF output (pdfTeX)
\l__color_backend_stack_int=\count273
\l__pdf_internal_box=\box55
)
No file report_syntax.aux.
\openout1 = `report_syntax.aux'.

LaTeX Font Info:    Checking defaults for OML/cmm/m/it on input line 17.
LaTeX Font Info:    ... okay on input line 17.
LaTeX Font Info:    Checking defaults for OMS/cmsy/m/n on input line 17.
LaTeX Font Info:    ... okay on input line 17.
LaTeX Font Info:    Checking defaults for OT1/cmr/m/n on input line 17.
LaTeX Font Info:    ... okay on input line 17.
LaTeX Font Info:    Checking defaults for T1/cmr/m/n on input line 17.
LaTeX Font Info:    ... okay on input line 17.
LaTeX Font Info:    Checking defaults for TS1/cmr/m/n on input line 17.
LaTeX Font Info:    ... okay on input line 17.
LaTeX Font Info:    Checking defaults for OMX/cmex/m/n on input line 17.
LaTeX Font Info:    ... okay on input line 17.
LaTeX Font Info:    Checking defaults for U/cmr/m/n on input line 17.
LaTeX Font Info:    ... okay on input line 17.
(/usr/share/texlive/texmf-dist/tex/context/base/mkii/supp-pdf.mkii
[Loading MPS to PDF converter (version 2006.09.02).]
\scratchcounter=\count274
\scratchdimen=\dimen154
\scratchbox=\box56
\nofMPsegments=\count275
\nofMParguments=\count276
\everyMPshowfont=\toks24
\MPscratchCnt=\count277
\MPscratchDim=\dimen155
\MPnumerator=\count278
\makeMPintoPDFobject=\count279
\everyMPtoPDFconversion=\toks25
) (/usr/share/texlive/texmf-dist/tex/latex/epstopdf-pkg/epstopdf-base.sty
Package: epstopdf-base 2020-01-24 v2.11 Base part for package epstopdf
Package epstopdf-base Info: Redefining graphics rule for `.eps' on input line 4
85.

(/usr/share/texlive/texmf-dist/tex/latex/latexconfig/epstopdf-sys.cfg
File: epstopdf-sys.cfg 2010/07/13 v1.3 Configuration of (r)epstopdf for TeX Liv
e
))
Underfull \hbox (badness 1052) in paragraph at lines 22--24
\T1/cmr/m/n/10 backed time con-ti-nu-ity, EEPROM-backed per-sis-
 []

LaTeX Font Info:    Trying to load font information for T1+cmtt on input line 3
0.
(/usr/share/texlive/texmf-dist/tex/latex/base/t1cmtt.fd
File: t1cmtt.fd 2023/04/13 v2.5m Standard LaTeX font definitions
)

LaTeX Warning: Citation `review1' on page 1 undefined on input line 30.


Underfull \vbox (badness 10000) has occurred while \output is active []



LaTeX Warning: Citation `byrne2012' on page 1 undefined on input line 42.


LaTeX Warning: Citation `park2025' on page 1 undefined on input line 44.


LaTeX Warning: Citation `martins2023' on page 1 undefined on input line 44.

[1{/var/lib/texmf/fonts/map/pdftex/updmap/pdftex.map}


]
Underfull \hbox (badness 10000) in paragraph at lines 75--76
[]\T1/cmtt/m/n/10 HealthPet \T1/cmr/m/n/10 ad-dresses these re-quire-ments by
 []


Underfull \hbox (badness 2073) in paragraph at lines 75--76
\T1/cmr/m/n/10 com-bin-ing em-bed-ded firmware ar-chi-tec-ture with
 []


Underfull \hbox (badness 1448) in paragraph at lines 75--76
\T1/cmr/m/n/10 lightweight game-state logic and an emo-tion-ally
 []

[2]
Underfull \hbox (badness 3690) in paragraph at lines 125--126
[]\T1/cmr/m/n/10 low-resource im-ple-men-ta-tion on a com-pact
 []

[3] [4]
Underfull \hbox (badness 10000) in paragraph at lines 272--274
[]\T1/cmtt/m/n/10 User movement -> sensed activity ->
 []


Underfull \hbox (badness 10000) in paragraph at lines 272--274
\T1/cmtt/m/n/10 progress increase -> positive pet
 []


Underfull \hbox (badness 10000) in paragraph at lines 272--274
\T1/cmtt/m/n/10 Low activity -> unmet pace ->
 []

[5]
Underfull \hbox (badness 10000) in paragraph at lines 352--353
[]\T1/cmr/m/n/10 each sen-sor change trig-gers
 []

[6]
Underfull \hbox (badness 10000) in paragraph at lines 399--400
\T1/cmr/m/n/10 such as \T1/cmtt/m/n/10 Wire.beginTransmission(address)\T1/cmr/m
/n/10 ,
 []


Underfull \hbox (badness 10000) in paragraph at lines 399--400
\T1/cmtt/m/n/10 Wire.write(...)\T1/cmr/m/n/10 , \T1/cmtt/m/n/10 Wire.endTransmi
ssion()\T1/cmr/m/n/10 ,
 []


Underfull \hbox (badness 10000) in paragraph at lines 399--400
\T1/cmtt/m/n/10 Wire.requestFrom(address, count)\T1/cmr/m/n/10 , and
 []


Underfull \hbox (badness 10000) in paragraph at lines 423--424
[]\T1/cmtt/m/n/10 GraphicsUtils.h \T1/cmr/m/n/10 and \T1/cmtt/m/n/10 GraphicsUt
ils.cpp\T1/cmr/m/n/10 :
 []

[7]
Underfull \hbox (badness 10000) in paragraph at lines 487--488
[]\T1/cmtt/m/n/10 Sense -> Interpret -> Update State
 []

[8]
Underfull \hbox (badness 10000) in paragraph at lines 529--529
[]\T1/cmr/bx/n/12 Interrupt and Con-cur-rency
 []


Underfull \hbox (badness 10000) in paragraph at lines 530--531
\T1/cmr/bx/n/10 Key rou-tines: \T1/cmtt/m/n/10 onSensorInterrupt()\T1/cmr/m/n/1
0 ,
 []


Underfull \hbox (badness 10000) in paragraph at lines 530--531
\T1/cmtt/m/n/10 saveAndDisableInterrupts()\T1/cmr/m/n/10 ,
 []


Underfull \hbox (badness 10000) in paragraph at lines 535--536
\T1/cmr/bx/n/10 Key rou-tines: \T1/cmtt/m/n/10 onActivityPulse()\T1/cmr/m/n/10 
,
 []


Underfull \hbox (badness 10000) in paragraph at lines 535--536
\T1/cmtt/m/n/10 rollingAverage()\T1/cmr/m/n/10 , \T1/cmtt/m/n/10 activityTarget
()\T1/cmr/m/n/10 , and
 []


Underfull \hbox (badness 10000) in paragraph at lines 540--541
\T1/cmr/bx/n/10 Key rou-tines: \T1/cmtt/m/n/10 encodeSaveData()\T1/cmr/m/n/10 ,

 []


Underfull \hbox (badness 10000) in paragraph at lines 540--541
\T1/cmtt/m/n/10 decodeSaveDataDetailed()\T1/cmr/m/n/10 ,
 []


Underfull \hbox (badness 10000) in paragraph at lines 540--541
\T1/cmtt/m/n/10 readSaveDataWithRetry()\T1/cmr/m/n/10 ,
 []


Underfull \hbox (badness 7362) in paragraph at lines 540--541
\T1/cmtt/m/n/10 writeSaveDataWithRetry()\T1/cmr/m/n/10 , \T1/cmtt/m/n/10 saveSt
ate()\T1/cmr/m/n/10 , and
 []


Underfull \hbox (badness 10000) in paragraph at lines 545--546
\T1/cmr/bx/n/10 Key rou-tines: \T1/cmtt/m/n/10 readRtcClockMinutes()\T1/cmr/m/n
/10 ,
 []


Underfull \hbox (badness 10000) in paragraph at lines 545--546
\T1/cmtt/m/n/10 writeRtcClockMinutes()\T1/cmr/m/n/10 ,
 []


Underfull \hbox (badness 10000) in paragraph at lines 545--546
\T1/cmtt/m/n/10 rtcMinutesFromDateTime()\T1/cmr/m/n/10 ,
 []


Underfull \hbox (badness 10000) in paragraph at lines 545--546
\T1/cmtt/m/n/10 rtcDateTimeFromMinutes()\T1/cmr/m/n/10 , and
 []


Underfull \hbox (badness 10000) in paragraph at lines 550--551
\T1/cmr/bx/n/10 Key rou-tines: \T1/cmtt/m/n/10 completeDay()\T1/cmr/m/n/10 ,
 []


Underfull \hbox (badness 10000) in paragraph at lines 550--551
\T1/cmtt/m/n/10 applyActivityPaceDrain()\T1/cmr/m/n/10 ,
 []


Underfull \hbox (badness 10000) in paragraph at lines 550--551
\T1/cmtt/m/n/10 advanceGameMinute()\T1/cmr/m/n/10 , \T1/cmtt/m/n/10 advanceGame
Minutes()\T1/cmr/m/n/10 ,
 []


Underfull \hbox (badness 10000) in paragraph at lines 555--556
\T1/cmtt/m/n/10 cycleScreen()\T1/cmr/m/n/10 , \T1/cmtt/m/n/10 petThePet()\T1/cm
r/m/n/10 , and
 []

[9]
Underfull \hbox (badness 10000) in paragraph at lines 560--561
\T1/cmr/bx/n/10 Key rou-tines: \T1/cmtt/m/n/10 addReward() \T1/cmr/m/n/10 and
 []


Underfull \hbox (badness 1205) in paragraph at lines 562--563
[]\T1/cmr/bx/n/10 Purpose: \T1/cmr/m/n/10 pro-vide pos-i-tive re-in-force-ment 
and
 []


Underfull \hbox (badness 10000) in paragraph at lines 565--566
\T1/cmtt/m/n/10 drawTopBar()\T1/cmr/m/n/10 , \T1/cmtt/m/n/10 drawStatusLine()\T
1/cmr/m/n/10 ,
 []


Underfull \hbox (badness 10000) in paragraph at lines 565--566
\T1/cmtt/m/n/10 drawHomeScreen()\T1/cmr/m/n/10 , \T1/cmtt/m/n/10 drawStatsScree
n()\T1/cmr/m/n/10 ,
 []


Underfull \hbox (badness 1881) in paragraph at lines 574--574
[]\T1/cmr/bx/n/14.4 Memory Or-ga-ni-za-tion and
 []


Underfull \hbox (badness 1286) in paragraph at lines 581--582
\T1/cmr/m/n/10 The firmware uses static al-lo-ca-tion rather than
 []


Underfull \hbox (badness 3579) in paragraph at lines 604--604
[]\T1/cmr/bx/n/12 Debugging Meth-ods Used or
 []

[10]
Underfull \hbox (badness 10000) in paragraph at lines 628--628
[]\T1/cmr/bx/n/12 Source-Level Op-ti-miza-tion
 []


Underfull \hbox (badness 10000) in paragraph at lines 631--632
[]\T1/cmr/bx/n/10 Deferred pro-cess-ing: \T1/cmr/m/n/10 ac-tiv-ity in-ter-
 []


Underfull \hbox (badness 10000) in paragraph at lines 631--632
\T1/cmr/m/n/10 pre-ta-tion hap-pens in \T1/cmtt/m/n/10 updateSensor() \T1/cmr/m
/n/10 and
 []


Underfull \hbox (badness 10000) in paragraph at lines 641--641
[]\T1/cmr/bx/n/12 Compiler-Level Op-ti-miza-tion
 []


LaTeX Warning: Reference `tab:build-size' on page 11 undefined on input line 64
2.

LaTeX Font Info:    Font shape `T1/cmtt/bx/n' in size <10> not available
(Font)              Font shape `T1/cmtt/m/n' tried instead on input line 650.

Underfull \hbox (badness 1661) in paragraph at lines 661--661
[]\T1/cmr/bx/n/12 Per-Function Op-ti-miza-tion Ef-
 []


LaTeX Warning: Reference `tab:function-size' on page 11 undefined on input line
 662.

LaTeX Font Info:    Font shape `T1/cmtt/bx/n' in size <7> not available
(Font)              Font shape `T1/cmtt/m/n' tried instead on input line 671.

Underfull \hbox (badness 1735) in paragraph at lines 685--685
[]\T1/cmr/bx/n/12 Optimization Mech-a-nisms Ob-
 []


Underfull \hbox (badness 3568) in paragraph at lines 689--690
\T1/cmr/m/n/10 Some arith-metic still com-piles to helper calls
 []


Underfull \hbox (badness 10000) in paragraph at lines 689--690
\T1/cmr/m/n/10 such as \T1/cmtt/m/n/10 __udivsi3 \T1/cmr/m/n/10 and \T1/cmtt/m/
n/10 __aeabi_uidivmod\T1/cmr/m/n/10 .
 []


Underfull \hbox (badness 10000) in paragraph at lines 689--690
\T1/cmr/m/n/10 These are vis-i-ble in \T1/cmtt/m/n/10 rollingAverage()\T1/cmr/m
/n/10 ,
 []


Underfull \hbox (badness 10000) in paragraph at lines 689--690
\T1/cmtt/m/n/10 activityTarget()\T1/cmr/m/n/10 , \T1/cmtt/m/n/10 todayProgressP
ercent()\T1/cmr/m/n/10 ,
 []


Underfull \hbox (badness 1253) in paragraph at lines 689--690
\T1/cmr/m/n/10 and \T1/cmtt/m/n/10 onActivityPulse()\T1/cmr/m/n/10 . This is ex
-pected for
 []

[11]

LaTeX Warning: Reference `tab:memory-map' on page 12 undefined on input line 72
8.


Underfull \hbox (badness 1496) in paragraph at lines 757--757
[]\T1/cmr/bx/n/12 Remaining RAM Af-ter Static
 []

[12] [13] [14] (./report_syntax.aux)
 ***********
LaTeX2e <2023-11-01> patch level 1
L3 programming layer <2024-01-22>
 ***********


LaTeX Warning: There were undefined references.


LaTeX Warning: Label(s) may have changed. Rerun to get cross-references right.

 ) 
Here is how much of TeX's memory you used:
 2532 strings out of 476182
 36794 string characters out of 5795596
 1936975 words of memory out of 5000000
 24525 multiletter control sequences out of 15000+600000
 572061 words of font info for 65 fonts, out of 8000000 for 9000
 14 hyphenation exceptions out of 8191
 57i,8n,65p,1004b,301s stack positions out of 10000i,1000n,20000p,200000b,200000s
 </home/graphicmismatch/.texlive2023/texmf-var/fonts/pk/ljfour/jknappen/ec/ec
ti1000.600pk> </home/graphicmismatch/.texlive2023/texmf-var/fonts/pk/ljfour/jkn
appen/ec/ectt0800.525pk> </home/graphicmismatch/.texlive2023/texmf-var/fonts/pk
/ljfour/jknappen/ec/ecbx0800.600pk> </home/graphicmismatch/.texlive2023/texmf-v
ar/fonts/pk/ljfour/jknappen/ec/ecbx0700.600pk> </home/graphicmismatch/.texlive2
023/texmf-var/fonts/pk/ljfour/jknappen/ec/ecrm0700.600pk> </home/graphicmismatc
h/.texlive2023/texmf-var/fonts/pk/ljfour/jknappen/ec/ecbx1200.600pk> </home/gra
phicmismatch/.texlive2023/texmf-var/fonts/pk/ljfour/jknappen/ec/tcrm1000.600pk>
 </home/graphicmismatch/.texlive2023/texmf-var/fonts/pk/ljfour/jknappen/ec/ecbx
1000.600pk> </home/graphicmismatch/.texlive2023/texmf-var/fonts/pk/ljfour/jknap
pen/ec/ectt1000.600pk> </home/graphicmismatch/.texlive2023/texmf-var/fonts/pk/l
jfour/jknappen/ec/ecrm1000.600pk> </home/graphicmismatch/.texlive2023/texmf-var
/fonts/pk/ljfour/jknappen/ec/ecbx1440.600pk> </home/graphicmismatch/.texlive202
3/texmf-var/fonts/pk/ljfour/jknappen/ec/ecrm1200.600pk> </home/graphicmismatch/
.texlive2023/texmf-var/fonts/pk/ljfour/jknappen/ec/ecrm1728.600pk></usr/share/t
exlive/texmf-dist/fonts/type1/public/amsfonts/cm/cmmi10.pfb></usr/share/texlive
/texmf-dist/fonts/type1/public/amsfonts/cm/cmr10.pfb></usr/share/texlive/texmf-
dist/fonts/type1/public/amsfonts/cm/cmsy10.pfb>
Output written on report_syntax.pdf (14 pages, 194678 bytes).
PDF statistics:
 565 PDF objects out of 1000 (max. 8388607)
 94 compressed objects within 1 object stream
 0 named destinations out of 1000 (max. 500000)
 1 words of extra memory for PDF output out of 10000 (max. 10000000)

