This is pdfTeX, Version 3.141592653-2.6-1.40.25 (TeX Live 2023/Debian) (preloaded format=pdflatex 2026.3.6)  17 APR 2026 05:06
entering extended mode
 restricted \write18 enabled.
 %&-line parsing enabled.
**report.tex
(./report.tex
LaTeX2e <2023-11-01> patch level 1
L3 programming layer <2024-01-22>

! LaTeX Error: File `IEEEtran.cls' not found.

Type X to quit or <RETURN> to proceed,
or enter new name. (Default extension: cls)

Enter file name: 
(/usr/share/texlive/texmf-dist/tex/latex/base/fontenc.sty
Package: fontenc 2021/04/29 v2.0v Standard LaTeX package
)
(/usr/share/texlive/texmf-dist/tex/latex/cite/cite.sty
LaTeX Info: Redefining \cite on input line 302.
LaTeX Info: Redefining \nocite on input line 332.
Package: cite 2015/02/27  v 5.5
)
(/usr/share/texlive/texmf-dist/tex/latex/graphics/graphicx.sty
Package: graphicx 2021/09/16 v1.2d Enhanced LaTeX Graphics (DPC,SPQR)

(/usr/share/texlive/texmf-dist/tex/latex/graphics/keyval.sty
Package: keyval 2022/05/29 v1.15 key=value parser (DPC)
\KV@toks@=\toks17
)
(/usr/share/texlive/texmf-dist/tex/latex/graphics/graphics.sty
Package: graphics 2022/03/10 v1.4e Standard LaTeX Graphics (DPC,SPQR)

(/usr/share/texlive/texmf-dist/tex/latex/graphics/trig.sty
Package: trig 2021/08/11 v1.11 sin cos tan (DPC)
)
(/usr/share/texlive/texmf-dist/tex/latex/graphics-cfg/graphics.cfg
File: graphics.cfg 2016/06/04 v1.11 sample graphics configuration
)
Package graphics Info: Driver file: pdftex.def on input line 107.

(/usr/share/texlive/texmf-dist/tex/latex/graphics-def/pdftex.def
File: pdftex.def 2022/09/22 v1.2b Graphics/color driver for pdftex
))
\Gin@req@height=\dimen140
\Gin@req@width=\dimen141
)
(/usr/share/texlive/texmf-dist/tex/latex/tools/array.sty
Package: array 2023/10/16 v2.5g Tabular extension package (FMi)
\col@sep=\dimen142
\ar@mcellbox=\box51
\extrarowheight=\dimen143
\NC@list=\toks18
\extratabsurround=\skip48
\backup@length=\skip49
\ar@cellbox=\box52
)
(/usr/share/texlive/texmf-dist/tex/latex/amsmath/amsmath.sty
Package: amsmath 2023/05/13 v2.17o AMS math features
\@mathmargin=\skip50

For additional information on amsmath, use the `?' option.
(/usr/share/texlive/texmf-dist/tex/latex/amsmath/amstext.sty
Package: amstext 2021/08/26 v2.01 AMS text

(/usr/share/texlive/texmf-dist/tex/latex/amsmath/amsgen.sty
File: amsgen.sty 1999/11/30 v2.0 generic functions
\@emptytoks=\toks19
\ex@=\dimen144
))
(/usr/share/texlive/texmf-dist/tex/latex/amsmath/amsbsy.sty
Package: amsbsy 1999/11/29 v1.2d Bold Symbols
\pmbraise@=\dimen145
)
(/usr/share/texlive/texmf-dist/tex/latex/amsmath/amsopn.sty
Package: amsopn 2022/04/08 v2.04 operator names
)
\inf@bad=\count187
LaTeX Info: Redefining \frac on input line 234.
\uproot@=\count188
\leftroot@=\count189
LaTeX Info: Redefining \overline on input line 399.
LaTeX Info: Redefining \colon on input line 410.
\classnum@=\count190
\DOTSCASE@=\count191
LaTeX Info: Redefining \ldots on input line 496.
LaTeX Info: Redefining \dots on input line 499.
LaTeX Info: Redefining \cdots on input line 620.
\Mathstrutbox@=\box53
\strutbox@=\box54
LaTeX Info: Redefining \big on input line 722.
LaTeX Info: Redefining \Big on input line 723.
LaTeX Info: Redefining \bigg on input line 724.
LaTeX Info: Redefining \Bigg on input line 725.
\big@size=\dimen146
LaTeX Font Info:    Redeclaring font encoding OML on input line 743.
LaTeX Font Info:    Redeclaring font encoding OMS on input line 744.
\macc@depth=\count192
LaTeX Info: Redefining \bmod on input line 905.
LaTeX Info: Redefining \pmod on input line 910.
LaTeX Info: Redefining \smash on input line 940.
LaTeX Info: Redefining \relbar on input line 970.
LaTeX Info: Redefining \Relbar on input line 971.
\c@MaxMatrixCols=\count193
\dotsspace@=\muskip16
\c@parentequation=\count194
\dspbrk@lvl=\count195
\tag@help=\toks20
\row@=\count196
\column@=\count197
\maxfields@=\count198
\andhelp@=\toks21
\eqnshift@=\dimen147
\alignsep@=\dimen148
\tagshift@=\dimen149
\tagwidth@=\dimen150
\totwidth@=\dimen151
\lineht@=\dimen152
\@envbody=\toks22
\multlinegap=\skip51
\multlinetaggap=\skip52
\mathdisplay@stack=\toks23
LaTeX Info: Redefining \[ on input line 2953.
LaTeX Info: Redefining \] on input line 2954.
)
(/usr/share/texlive/texmf-dist/tex/latex/url/url.sty
\Urlmuskip=\muskip17
Package: url 2013/09/16  ver 3.4  Verb mode for urls, etc.
)
(/usr/share/texlive/texmf-dist/tex/latex/l3backend/l3backend-pdftex.def
File: l3backend-pdftex.def 2024-01-04 L3 backend support: PDF output (pdfTeX)
\l__color_backend_stack_int=\count199
\l__pdf_internal_box=\box55
)
No file report.aux.
\openout1 = `report.aux'.

LaTeX Font Info:    Checking defaults for OML/cmm/m/it on input line 18.
LaTeX Font Info:    ... okay on input line 18.
LaTeX Font Info:    Checking defaults for OMS/cmsy/m/n on input line 18.
LaTeX Font Info:    ... okay on input line 18.
LaTeX Font Info:    Checking defaults for OT1/cmr/m/n on input line 18.
LaTeX Font Info:    ... okay on input line 18.
LaTeX Font Info:    Checking defaults for T1/cmr/m/n on input line 18.
LaTeX Font Info:    ... okay on input line 18.
LaTeX Font Info:    Checking defaults for TS1/cmr/m/n on input line 18.
LaTeX Font Info:    ... okay on input line 18.
LaTeX Font Info:    Checking defaults for OMX/cmex/m/n on input line 18.
LaTeX Font Info:    ... okay on input line 18.
LaTeX Font Info:    Checking defaults for U/cmr/m/n on input line 18.
LaTeX Font Info:    ... okay on input line 18.

! LaTeX Error: The font size command \normalsize is not defined:
               there is probably something wrong with the class file.

See the LaTeX manual or LaTeX Companion for explanation.
Type  H <return>  for immediate help.
 ...                                              
                                                  
l.18 \begin{document}
                     
? 
(/usr/share/texlive/texmf-dist/tex/context/base/mkii/supp-pdf.mkii
[Loading MPS to PDF converter (version 2006.09.02).]
\scratchcounter=\count266
\scratchdimen=\dimen153
\scratchbox=\box56
\nofMPsegments=\count267
\nofMParguments=\count268
\everyMPshowfont=\toks24
\MPscratchCnt=\count269
\MPscratchDim=\dimen154
\MPnumerator=\count270
\makeMPintoPDFobject=\count271
\everyMPtoPDFconversion=\toks25
) (/usr/share/texlive/texmf-dist/tex/latex/epstopdf-pkg/epstopdf-base.sty
Package: epstopdf-base 2020-01-24 v2.11 Base part for package epstopdf
Package epstopdf-base Info: Redefining graphics rule for `.eps' on input line 4
85.

(/usr/share/texlive/texmf-dist/tex/latex/latexconfig/epstopdf-sys.cfg
File: epstopdf-sys.cfg 2010/07/13 v1.3 Configuration of (r)epstopdf for TeX Liv
e
))
! Undefined control sequence.
l.20 \maketitle
               
? 

! LaTeX Error: Environment abstract undefined.

See the LaTeX manual or LaTeX Companion for explanation.
Type  H <return>  for immediate help.
 ...                                              
                                                  
l.22 \begin{abstract}
                     
? 

! LaTeX Error: \begin{document} ended by \end{abstract}.

See the LaTeX manual or LaTeX Companion for explanation.
Type  H <return>  for immediate help.
 ...                                              
                                                  
l.24 \end{abstract}
                   
? 

! LaTeX Error: Environment IEEEkeywords undefined.

See the LaTeX manual or LaTeX Companion for explanation.
Type  H <return>  for immediate help.
 ...                                              
                                                  
l.26 \begin{IEEEkeywords}
                         
? 

! LaTeX Error: \begin{document} ended by \end{IEEEkeywords}.

See the LaTeX manual or LaTeX Companion for explanation.
Type  H <return>  for immediate help.
 ...                                              
                                                  
l.28 \end{IEEEkeywords}
                       
? 
! Undefined control sequence.
l.30 \section
             {Motivation and Background}
? 
LaTeX Font Info:    Trying to load font information for T1+cmtt on input line 3
1.
(/usr/share/texlive/texmf-dist/tex/latex/base/t1cmtt.fd
File: t1cmtt.fd 2023/04/13 v2.5m Standard LaTeX font definitions
)
! Undefined control sequence.
<write> ...: Citation `\@citeb ' on page \thepage 
                                                  \space undefined\on@line .
l.31 ...meter or activity dashboard \cite{review1}
                                                  .
? 

LaTeX Warning: Citation `review1' on page  undefined on input line 31.

! Undefined control sequence.
<write> ...: Citation `\@citeb ' on page \thepage 
                                                  \space undefined\on@line .
l.43 ...n influence user behavior \cite{byrne2012}
                                                  ;
? 

LaTeX Warning: Citation `byrne2012' on page  undefined on input line 43.

! Undefined control sequence.
<write> ...: Citation `\@citeb ' on page \thepage 
                                                  \space undefined\on@line .
l.45 ...abit formation \cite{park2025,martins2023}
                                                  .
? 

LaTeX Warning: Citation `park2025' on page  undefined on input line 45.

! Undefined control sequence.
<write> ...: Citation `\@citeb ' on page \thepage 
                                                  \space undefined\on@line .
l.45 ...abit formation \cite{park2025,martins2023}
                                                  .
? 

LaTeX Warning: Citation `martins2023' on page  undefined on input line 45.

! Undefined control sequence.
l.58 \section
             {Problem Statement}
? 

! LaTeX Error: Environment quote undefined.

See the LaTeX manual or LaTeX Companion for explanation.
Type  H <return>  for immediate help.
 ...                                              
                                                  
l.62 \begin{quote}
                  
? 

! LaTeX Error: \begin{document} ended by \end{quote}.

See the LaTeX manual or LaTeX Companion for explanation.
Type  H <return>  for immediate help.
 ...                                              
                                                  
l.64 \end{quote}
                
? 
! Undefined control sequence.
l.78 \section
             {Project Objectives}
? 
! Undefined control sequence.
l.81 \subsection
                {Emotional State System}
? 
! Undefined control sequence.
l.94 \subsection
                {Personalized Activity Feedback}
? 
! Undefined control sequence.
l.102 \subsection
                 {Sensor-Based Activity Tracking}
? 
! Undefined control sequence.
l.105 \subsection
                 {Persistent Interaction}
? 
! Undefined control sequence.
l.108 \subsection
                 {Embedded Efficiency}
? 
! Undefined control sequence.
l.118 \section
              {Unique Selling Proposition}
? 
! Undefined control sequence.
l.133 \section
              {Overall System Overview}
? 
! Undefined control sequence.
l.138 \subsection
                 {Physical Layer}
? 
! Undefined control sequence.
l.147 \subsection
                 {Embedded Control Layer}
? 
! Undefined control sequence.
l.156 \subsection
                 {Application Logic Layer}
? 
! Undefined control sequence.
l.164 \subsection
                 {Presentation Layer}
? 
! Undefined control sequence.
l.172 \section
              {Hardware Description}
? 
! Undefined control sequence.
l.175 \subsection
                 {Microcontroller Board}
? 
! Undefined control sequence.
l.186 \subsection
                 {OLED Display}
? 
! Undefined control sequence.
l.197 \subsection
                 {RTC Clock Module}
? 
! Undefined control sequence.
l.204 \subsection
                 {EEPROM Storage}
? 
! Undefined control sequence.
l.209 \subsection
                 {Vibration Sensor}
? 
! Undefined control sequence.
l.216 \subsection
                 {Buttons}
? 
! Undefined control sequence.
l.225 \subsection
                 {Buzzer}
? 
! Undefined control sequence.
l.232 \subsection
                 {Power and Bus Sharing}
? 
! Undefined control sequence.
l.240 \section
              {Functional Block-Level Explanation}
? 
! Undefined control sequence.
l.241 \subsection
                 {Sensor Block}
? 
! Undefined control sequence.
l.244 \subsection
                 {Interrupt Block}
? 
! Undefined control sequence.
l.247 \subsection
                 {Activity Processing Block}
? 
! Undefined control sequence.
l.250 \subsection
                 {Timekeeping Block}
? 
! Undefined control sequence.
l.253 \subsection
                 {Persistence Block}
? 
! Undefined control sequence.
l.256 \subsection
                 {UI Block}
? 
! Undefined control sequence.
l.259 \subsection
                 {Animation Block}
? 
! Undefined control sequence.
l.262 \subsection
                 {Audio Block}
? 
! Undefined control sequence.
l.265 \section
              {Working Principle}
? 
! Undefined control sequence.
l.268 \subsection
                 {Core Principle}
? 

! LaTeX Error: Environment quote undefined.

See the LaTeX manual or LaTeX Companion for explanation.
Type  H <return>  for immediate help.
 ...                                              
                                                  
l.271 \begin{quote}
                   
? 

! LaTeX Error: \begin{document} ended by \end{quote}.

See the LaTeX manual or LaTeX Companion for explanation.
Type  H <return>  for immediate help.
 ...                                              
                                                  
l.275 \end{quote}
                 
? 
! Undefined control sequence.
l.277 \subsection
                 {Step-by-Step Working Principle}
? 
! Undefined control sequence.
l.293 \subsection
                 {Personalization Principle}
? 
! Undefined control sequence.
l.302 \subsection
                 {Emotional Feedback Principle}
? 
! Undefined control sequence.
l.310 \section
              {Interfacing}
? 
! Undefined control sequence.
l.313 \subsection
                 {OLED Interfacing}
? 
! Undefined control sequence.
l.327 \subsection
                 {RTC and EEPROM Interfacing}
? 
! Undefined control sequence.
l.342 \subsection
                 {Sensor Interfacing}
? 
! Undefined control sequence.
l.358 \subsection
                 {Button Interfacing}
? 
! Undefined control sequence.
l.372 \subsection
                 {Buzzer Interfacing}
? 
! Undefined control sequence.
l.383 \section
              {Networking and Communication Protocols}
? 
! Undefined control sequence.
l.386 \subsection
                 {I\textsuperscript{2}C Protocol}
? 
! Undefined control sequence.
l.402 \subsection
                 {Bus-Speed Management}
? 
! Undefined control sequence.
l.410 \subsection
                 {GPIO-Based Digital Signaling}
? 
! Undefined control sequence.
l.418 \section
              {Software Architecture}
? 
! Undefined control sequence.
l.421 \subsection
                 {Source Files}
? 
! Undefined control sequence.
l.429 \subsection
                 {Main Subsystems}
? 
! Undefined control sequence.
l.441 \subsection
                 {Architectural Style}
? 
! Undefined control sequence.
l.451 \section
              {Data Structures and State Model}
? 
! Undefined control sequence.
l.454 \subsection
                 {UI and State Enums}
? 
! Undefined control sequence.
l.463 \subsection
                 {Button and Sound Structs}
? 
! Undefined control sequence.
l.471 \subsection
                 {Animation Structs}
? 
! Undefined control sequence.
l.478 \subsection
                 {Persistence Struct}
? 
! Undefined control sequence.
l.481 \subsection
                 {Main Runtime Struct}
? 
! Undefined control sequence.
l.484 \section
              {Programming Logic}
? 

! LaTeX Error: Environment quote undefined.

See the LaTeX manual or LaTeX Companion for explanation.
Type  H <return>  for immediate help.
 ...                                              
                                                  
l.486 \begin{quote}
                   
? 

! LaTeX Error: \begin{document} ended by \end{quote}.

See the LaTeX manual or LaTeX Companion for explanation.
Type  H <return>  for immediate help.
 ...                                              
                                                  
l.489 \end{quote}
                 
? 
! Undefined control sequence.
l.491 \subsection
                 {Startup Logic}
? 
! Undefined control sequence.
l.504 \subsection
                 {Loop Logic}
? 
! Undefined control sequence.
l.518 \subsection
                 {Time Progression Logic}
? 
! Undefined control sequence.
l.521 \subsection
                 {State Progression Logic}
? 
! Undefined control sequence.
l.524 \subsection
                 {UI Logic}
? 
! Undefined control sequence.
l.527 \section
              {Detailed Functional Blocks}
? 
! Undefined control sequence.
l.530 \subsection
                 {Interrupt and Concurrency Block}
? 
! Undefined control sequence.
l.535 \subsection
                 {Activity Computation Block}
? 
! Undefined control sequence.
l.540 \subsection
                 {Persistence Block}
? 
! Undefined control sequence.
l.545 \subsection
                 {RTC Block}
? 
! Undefined control sequence.
l.550 \subsection
                 {Simulation Block}
? 
! Undefined control sequence.
l.555 \subsection
                 {Input Block}
? 
! Undefined control sequence.
l.560 \subsection
                 {Reward and Inventory Block}
? 
! Undefined control sequence.
l.565 \subsection
                 {Presentation Block}
? 
! Undefined control sequence.
l.570 \subsection
                 {Audio Block}
? 
! Undefined control sequence.
l.575 \section
              {Memory Organization and Run-Time Environment}
? 
! Undefined control sequence.
l.581 \subsection
                 {Static Allocation Strategy}
? 
! Undefined control sequence.
l.584 \subsection
                 {Memory Placement Strategy}
? 
! Undefined control sequence.
l.593 \subsection
                 {Important Global RAM Objects}
? 
! Undefined control sequence.
l.602 \section
              {Debugging Strategy and Debugging Process}
? 
! Undefined control sequence.
l.605 \subsection
                 {Debugging Methods Used or Supported}
? 
! Undefined control sequence.
l.614 \subsection
                 {Typical Debugging Scenarios}
? 
! Undefined control sequence.
l.623 \subsection
                 {Why This Debugging Approach Fits}
? 
! Undefined control sequence.
l.626 \section
              {Optimization Strategy}
? 
! Undefined control sequence.
l.629 \subsection
                 {Source-Level Optimization Strategies}
? 
! Undefined control sequence.
l.642 \subsection
                 {Compiler-Level Optimization Strategies}
? 
! Undefined control sequence.
<write> ...ence `tab:build-size' on page \thepage 
                                                  \space undefined\on@line .
l.643 ... summarized in Table~\ref{tab:build-size}
                                                  .
? 

LaTeX Warning: Reference `tab:build-size' on page  undefined on input line 643.



! LaTeX Error: Environment table undefined.

See the LaTeX manual or LaTeX Companion for explanation.
Type  H <return>  for immediate help.
 ...                                              
                                                  
l.645 \begin{table}
                   [!t]
? 

! LaTeX Error: \caption outside float.

See the LaTeX manual or LaTeX Companion for explanation.
Type  H <return>  for immediate help.
 ...                                              
                                                  
l.646 \caption
              {Measured Code Size by Build Option}
? 
LaTeX Font Info:    Font shape `T1/cmtt/bx/n' in size <10> not available
(Font)              Font shape `T1/cmtt/m/n' tried instead on input line 651.

! LaTeX Error: \begin{document} ended by \end{table}.

See the LaTeX manual or LaTeX Companion for explanation.
Type  H <return>  for immediate help.
 ...                                              
                                                  
l.660 \end{table}
                 
? 
! Undefined control sequence.
l.662 \subsection
                 {Per-Function Optimization Effects}
? 
! Undefined control sequence.
<write> ...e `tab:function-size' on page \thepage 
                                                  \space undefined\on@line .
l.663 Table~\ref{tab:function-size}
                                    shows the measured size changes for sele...

? 

LaTeX Warning: Reference `tab:function-size' on page  undefined on input line 6
63.


! LaTeX Error: Environment table undefined.

See the LaTeX manual or LaTeX Companion for explanation.
Type  H <return>  for immediate help.
 ...                                              
                                                  
l.665 \begin{table}
                   [!t]
? 

! LaTeX Error: \caption outside float.

See the LaTeX manual or LaTeX Companion for explanation.
Type  H <return>  for immediate help.
 ...                                              
                                                  
l.666 \caption
              {Per-Function Optimization Effects}
? 
! Undefined control sequence.
l.669 \scriptsize
                 
? 

! LaTeX Error: The font size command \normalsize is not defined:
               there is probably something wrong with the class file.

See the LaTeX manual or LaTeX Companion for explanation.
Type  H <return>  for immediate help.
 ...                                              
                                                  
l.683 \normalsize
                 
? 

! LaTeX Error: \begin{document} ended by \end{table}.

See the LaTeX manual or LaTeX Companion for explanation.
Type  H <return>  for immediate help.
 ...                                              
                                                  
l.684 \end{table}
                 
? 
! Undefined control sequence.
l.686 \subsection
                 {Optimization Mechanisms Observed}
? 
! Undefined control sequence.
l.689 \subsection
                 {Remaining Costs}
? 
! Undefined control sequence.
l.692 \section
              {Final Working Model}
? 
! Undefined control sequence.
l.695 \subsection
                 {User Experience}
? 
! Undefined control sequence.
l.709 \subsection
                 {Physical Final Model Blocks}
? 
! Undefined control sequence.
l.721 \subsection
                 {Final Embedded Behavior}
? 
! Undefined control sequence.
l.724 \section
              {Measured Technical Results}
? 
! Undefined control sequence.
l.725 \subsection
                 {Final Size-Oriented Firmware}
? 
! Undefined control sequence.
l.728 \subsection
                 {Linked Memory Boundaries}
? 
! Undefined control sequence.
<write> ...ence `tab:memory-map' on page \thepage 
                                                  \space undefined\on@line .
l.729 ... are listed in Table~\ref{tab:memory-map}
                                                  .
? 

LaTeX Warning: Reference `tab:memory-map' on page  undefined on input line 729.



! LaTeX Error: Environment table undefined.

See the LaTeX manual or LaTeX Companion for explanation.
Type  H <return>  for immediate help.
 ...                                              
                                                  
l.731 \begin{table}
                   [!t]
? 

! LaTeX Error: \caption outside float.

See the LaTeX manual or LaTeX Companion for explanation.
Type  H <return>  for immediate help.
 ...                                              
                                                  
l.732 \caption
              {Linked Memory Boundaries}
? 
! Undefined control sequence.
l.735 \scriptsize
                 
? 

! LaTeX Error: The font size command \normalsize is not defined:
               there is probably something wrong with the class file.

See the LaTeX manual or LaTeX Companion for explanation.
Type  H <return>  for immediate help.
 ...                                              
                                                  
l.755 \normalsize
                 
? 

! LaTeX Error: \begin{document} ended by \end{table}.

See the LaTeX manual or LaTeX Companion for explanation.
Type  H <return>  for immediate help.
 ...                                              
                                                  
l.756 \end{table}
                 
? 
! Undefined control sequence.
l.758 \subsection
                 {Remaining RAM After Static Allocation}
? 
! Undefined control sequence.
l.765 \subsection
                 {Code-Generation Observations}
? 
! Undefined control sequence.
l.768 \section
              {Limitations}
? 
! Undefined control sequence.
l.771 \subsection
                 {Sensor Fidelity}
? 
! Undefined control sequence.
l.774 \subsection
                 {Behavioral Granularity}
? 
! Undefined control sequence.
l.777 \subsection
                 {No Wireless Connectivity}
? 
! Undefined control sequence.
l.780 \subsection
                 {Limited Automated Testing}
? 
! Undefined control sequence.
l.783 \subsection
                 {Display Complexity}
? 
! Undefined control sequence.
l.786 \section
              {Future Scope}
? 
! Undefined control sequence.
l.789 \subsection
                 {Improved Activity Sensing}
? 
! Undefined control sequence.
l.796 \subsection
                 {Richer Emotional Model}
? 
! Undefined control sequence.
l.803 \subsection
                 {Better Personalization}
? 
! Undefined control sequence.
l.810 \subsection
                 {Connectivity}
? 
! Undefined control sequence.
l.817 \subsection
                 {Expanded Game Mechanics}
? 
! Undefined control sequence.
l.825 \subsection
                 {Better Testability}
? 
! Undefined control sequence.
l.832 \subsection
                 {Packaging and Productization}
? 
! Undefined control sequence.
l.839 \section
              {Conclusion}
? 
! Undefined control sequence.
l.860 \section
              *{References}
? 

! LaTeX Error: Environment thebibliography undefined.

See the LaTeX manual or LaTeX Companion for explanation.
Type  H <return>  for immediate help.
 ...                                              
                                                  
l.861 \begin{thebibliography}
                             {99}
? 

! LaTeX Error: Lonely \item--perhaps a missing list environment.

See the LaTeX manual or LaTeX Companion for explanation.
Type  H <return>  for immediate help.
 ...                                              
                                                  
l.863 \bibitem{review1}
                       
? 
! Undefined control sequence.
<argument> \@listctr 
                     
l.863 \bibitem{review1}
                       
? 
! You can't use `\relax' after \the.
<recently read> \c@ 
                    
l.863 \bibitem{review1}
                       
? 

! LaTeX Error: Lonely \item--perhaps a missing list environment.

See the LaTeX manual or LaTeX Companion for explanation.
Type  H <return>  for immediate help.
 ...                                              
                                                  
l.866 \bibitem{byrne2012}
                         
? 
! Undefined control sequence.
<argument> \@listctr 
                     
l.866 \bibitem{byrne2012}
                         
? 
! You can't use `\relax' after \the.
<recently read> \c@ 
                    
l.866 \bibitem{byrne2012}
                         
? 

! LaTeX Error: Lonely \item--perhaps a missing list environment.

See the LaTeX manual or LaTeX Companion for explanation.
Type  H <return>  for immediate help.
 ...                                              
                                                  
l.869 \bibitem{martins2023}
                           
? 
! Undefined control sequence.
<argument> \@listctr 
                     
l.869 \bibitem{martins2023}
                           
? 
! You can't use `\relax' after \the.
<recently read> \c@ 
                    
l.869 \bibitem{martins2023}
                           
? 

! LaTeX Error: Lonely \item--perhaps a missing list environment.

See the LaTeX manual or LaTeX Companion for explanation.
Type  H <return>  for immediate help.
 ...                                              
                                                  
l.872 \bibitem{park2025}
                        
? 
! Undefined control sequence.
<argument> \@listctr 
                     
l.872 \bibitem{park2025}
                        
? 
! You can't use `\relax' after \the.
<recently read> \c@ 
                    
l.872 \bibitem{park2025}
                        
? 

! LaTeX Error: Lonely \item--perhaps a missing list environment.

See the LaTeX manual or LaTeX Companion for explanation.
Type  H <return>  for immediate help.
 ...                                              
                                                  
l.875 \bibitem{ramsay}
                      
? 
! Undefined control sequence.
<argument> \@listctr 
                     
l.875 \bibitem{ramsay}
                      
? 
! You can't use `\relax' after \the.
<recently read> \c@ 
                    
l.875 \bibitem{ramsay}
                      
? 

! LaTeX Error: \begin{document} ended by \end{thebibliography}.

See the LaTeX manual or LaTeX Companion for explanation.
Type  H <return>  for immediate help.
 ...                                              
                                                  
l.878 \end{thebibliography}
                           
? 

! LaTeX Error: The font size command \normalsize is not defined:
               there is probably something wrong with the class file.

See the LaTeX manual or LaTeX Companion for explanation.
Type  H <return>  for immediate help.
 ...                                              
                                                  
l.880 \end{document}
                    
? 
[1{/var/lib/texmf/fonts/map/pdftex/updmap/pdftex.map}
! Undefined control sequence.
<write> \newlabel{tab:build-size}{{}{\thepage 
                                              }{}{}{}}
l.880 \end{document}
                    
? 
! Undefined control sequence.
<write> \newlabel{tab:function-size}{{}{\thepage 
                                                 }{}{}{}}
l.880 \end{document}
                    
? 
! Undefined control sequence.
<write> \newlabel{tab:memory-map}{{}{\thepage 
                                              }{}{}{}}
l.880 \end{document}
                    
? 
] (./report.aux)
 ***********
LaTeX2e <2023-11-01> patch level 1
L3 programming layer <2024-01-22>
 ***********


LaTeX Warning: There were undefined references.


LaTeX Warning: Label(s) may have changed. Rerun to get cross-references right.

 ) 
Here is how much of TeX's memory you used:
 2307 strings out of 476182
 34172 string characters out of 5795596
 2044975 words of memory out of 5000000
 24326 multiletter control sequences out of 15000+600000
 563376 words of font info for 45 fonts, out of 8000000 for 9000
 14 hyphenation exceptions out of 8191
 57i,6n,65p,992b,202s stack positions out of 10000i,1000n,20000p,200000b,200000s
 </home/graphicmismatch/.texlive2023/texmf-var/fonts/pk/ljfour/jknappen/ec/ec
ti1000.600pk> </home/graphicmismatch/.texlive2023/texmf-var/fonts/pk/ljfour/jkn
appen/ec/ecbx0700.600pk> </home/graphicmismatch/.texlive2023/texmf-var/fonts/pk
/ljfour/jknappen/ec/ecrm0700.600pk> </home/graphicmismatch/.texlive2023/texmf-v
ar/fonts/pk/ljfour/jknappen/ec/ecbx1000.600pk> </home/graphicmismatch/.texlive2
023/texmf-var/fonts/pk/ljfour/jknappen/ec/ectt1000.600pk> </home/graphicmismatc
h/.texlive2023/texmf-var/fonts/pk/ljfour/jknappen/ec/ecrm1000.600pk></usr/share
/texlive/texmf-dist/fonts/type1/public/amsfonts/cm/cmmi10.pfb></usr/share/texli
ve/texmf-dist/fonts/type1/public/amsfonts/cm/cmr10.pfb></usr/share/texlive/texm
f-dist/fonts/type1/public/amsfonts/cm/cmsy10.pfb>
Output written on report.pdf (1 page, 109107 bytes).
PDF statistics:
 268 PDF objects out of 1000 (max. 8388607)
 37 compressed objects within 1 object stream
 0 named destinations out of 1000 (max. 500000)
 1 words of extra memory for PDF output out of 10000 (max. 10000000)

